[2019-10-22 11:18:15,175] {logging_mixin.py:95} INFO - Sending to executor.
[2019-10-22 11:18:15,175] {logging_mixin.py:95} INFO - [[34m2019-10-22 11:18:15,175[0m] {[34mbase_executor.py:[0m59} INFO[0m - Adding to queue: [1m['airflow', 'run', 'example_bash_operator', 'runme_0', '2019-10-22T00:00:00+00:00', '--local', '--pool', 'default_pool', '-sd', '/home/abhishek/.conda/envs/airflow/lib/python3.6/site-packages/airflow/example_dags/example_bash_operator.py'][0m[0m
[2019-10-22 11:18:15,176] {logging_mixin.py:95} INFO - [[34m2019-10-22 11:18:15,175[0m] {[34msequential_executor.py:[0m45} INFO[0m - Executing command: [1m['airflow', 'run', 'example_bash_operator', 'runme_0', '2019-10-22T00:00:00+00:00', '--local', '--pool', 'default_pool', '-sd', '/home/abhishek/.conda/envs/airflow/lib/python3.6/site-packages/airflow/example_dags/example_bash_operator.py'][0m[0m
[2019-10-22 11:18:16,021] {taskinstance.py:620} INFO - Dependencies all met for <TaskInstance: example_bash_operator.runme_0 2019-10-22T00:00:00+00:00 [None]>
[2019-10-22 11:18:16,031] {taskinstance.py:620} INFO - Dependencies all met for <TaskInstance: example_bash_operator.runme_0 2019-10-22T00:00:00+00:00 [None]>
[2019-10-22 11:18:16,031] {taskinstance.py:838} INFO - 
--------------------------------------------------------------------------------
[2019-10-22 11:18:16,031] {taskinstance.py:839} INFO - Starting attempt 1 of 1
[2019-10-22 11:18:16,031] {taskinstance.py:840} INFO - 
--------------------------------------------------------------------------------
[2019-10-22 11:18:16,114] {taskinstance.py:859} INFO - Executing <Task(BashOperator): runme_0> on 2019-10-22T00:00:00+00:00
[2019-10-22 11:18:16,115] {base_task_runner.py:133} INFO - Running: ['airflow', 'run', 'example_bash_operator', 'runme_0', '2019-10-22T00:00:00+00:00', '--job_id', '2', '--pool', 'default_pool', '--raw', '-sd', '/home/abhishek/.conda/envs/airflow/lib/python3.6/site-packages/airflow/example_dags/example_bash_operator.py', '--cfg_path', '/tmp/tmptv9829g1']
[2019-10-22 11:18:16,620] {base_task_runner.py:115} INFO - Job 2: Subtask runme_0 [2019-10-22 11:18:16,619] {__init__.py:51} INFO - Using executor SequentialExecutor
[2019-10-22 11:18:16,898] {base_task_runner.py:115} INFO - Job 2: Subtask runme_0 [2019-10-22 11:18:16,895] {dagbag.py:90} INFO - Filling up the DagBag from /home/abhishek/.conda/envs/airflow/lib/python3.6/site-packages/airflow/example_dags/example_bash_operator.py
[2019-10-22 11:18:16,930] {base_task_runner.py:115} INFO - Job 2: Subtask runme_0 [2019-10-22 11:18:16,930] {cli.py:516} INFO - Running <TaskInstance: example_bash_operator.runme_0 2019-10-22T00:00:00+00:00 [running]> on host Abhishek
[2019-10-22 11:18:16,939] {bash_operator.py:81} INFO - Tmp dir root location: 
 /tmp
[2019-10-22 11:18:16,940] {bash_operator.py:91} INFO - Exporting the following env vars:
AIRFLOW_CTX_DAG_ID=example_bash_operator
AIRFLOW_CTX_TASK_ID=runme_0
AIRFLOW_CTX_EXECUTION_DATE=2019-10-22T00:00:00+00:00
[2019-10-22 11:18:16,940] {bash_operator.py:105} INFO - Temporary script location: /tmp/airflowtmp1vhel2df/runme_0l_a4qtxo
[2019-10-22 11:18:16,940] {bash_operator.py:115} INFO - Running command: echo "example_bash_operator__runme_0__20191022" && sleep 1
[2019-10-22 11:18:16,943] {bash_operator.py:124} INFO - Output:
[2019-10-22 11:18:16,943] {bash_operator.py:128} INFO - example_bash_operator__runme_0__20191022
[2019-10-22 11:18:17,959] {bash_operator.py:132} INFO - Command exited with return code 0
[2019-10-22 11:18:21,025] {logging_mixin.py:95} INFO - [[34m2019-10-22 11:18:21,022[0m] {[34mlocal_task_job.py:[0m105} INFO[0m - Task exited with return code 0[0m
